============================= test session starts ==============================
platform linux -- Python 3.14.3, pytest-8.4.2, pluggy-1.6.0
rootdir: /home/ashlesh/my_works/cognirepo
configfile: pyproject.toml
plugins: asyncio-1.3.0, timeout-2.4.0, cov-7.1.0, mock-3.15.1, anyio-4.12.1
asyncio: mode=Mode.AUTO, debug=False, asyncio_default_fixture_loop_scope=None, asyncio_default_test_loop_scope=function
collected 688 items

tests/test_adapters.py ..........................................        [  6%]
tests/test_benchmark_metrics.py .............                            [  7%]
tests/test_bm25.py ..............s.....                                  [ 10%]
tests/test_cache.py .........                                            [ 12%]
tests/test_ci_security.py ...........                                    [ 13%]
tests/test_circuit_breaker_probes.py ............                        [ 15%]
tests/test_classifier.py ....................                            [ 18%]
tests/test_claude_usefulness.py .................                        [ 20%]
tests/test_cli_config.py ..........                                      [ 22%]
tests/test_cli_daemon.py ..                                              [ 22%]
tests/test_config_migration.py .........                                 [ 23%]
tests/test_context_builder.py ......................                     [ 27%]
tests/test_context_pack.py .........                                     [ 28%]
tests/test_coverage_boost.py .......................                     [ 31%]
tests/test_coverage_extended.py ..........                               [ 33%]
tests/test_cross_agent_recall.py ..                                      [ 33%]
tests/test_cross_repo.py ..                                              [ 33%]
tests/test_cursor_vscode.py ..............                               [ 35%]
tests/test_dependency_graph.py ..........                                [ 37%]
tests/test_docs_index.py ...............                                 [ 39%]
tests/test_docs_sync.py ....                                             [ 40%]
tests/test_doctor.py ............                                        [ 41%]
tests/test_e2e_init.py ..                                                [ 42%]
tests/test_encryption.py .........                                       [ 43%]
tests/test_env_wizard.py ............                                    [ 45%]
tests/test_episodic_search.py ........                                   [ 46%]
tests/test_explain_change.py ...............                             [ 48%]
tests/test_fallback_chain.py .....                                       [ 49%]
tests/test_fresh_install.py ..                                           [ 49%]
tests/test_ftx.py .........                                              [ 50%]
tests/test_graph.py ...........                                          [ 52%]
tests/test_hybrid_retrieval.py ..........                                [ 53%]
tests/test_idle_manager.py ..................                            [ 56%]
tests/test_indexer_multilang.py ....................                     [ 59%]
tests/test_init_seed.py .............s                                   [ 61%]
tests/test_inter_repo_indexer.py ......                                  [ 62%]
tests/test_isolation.py ..                                               [ 62%]
tests/test_key_probes.py ........                                        [ 63%]
tests/test_language_coverage.py ........                                 [ 64%]
tests/test_learning_middleware.py ...                                    [ 65%]
tests/test_learning_store.py ..............................              [ 69%]
tests/test_local_adapter.py .........                                    [ 71%]
tests/test_logging.py .......                                            [ 72%]
tests/test_mcp_server.py ...........................                     [ 76%]
tests/test_memory.py .........                                           [ 77%]
tests/test_metrics.py sss..                                              [ 78%]
tests/test_metrics_server.py ..                                          [ 78%]
tests/test_multilang_indexer.py .......................                  [ 81%]
tests/test_org_graph.py ....                                             [ 82%]
tests/test_orgs.py ...                                                   [ 82%]
tests/test_post_release.py ....                                          [ 83%]
tests/test_project_memory.py .....                                       [ 84%]
tests/test_prune_memory.py .                                             [ 84%]
tests/test_router.py .....................                               [ 87%]
tests/test_scheduler.py ....                                             [ 87%]
tests/test_semantic_search_code.py .......                               [ 88%]
tests/test_session.py ..............................                     [ 93%]
tests/test_session_isolation.py .                                        [ 93%]
tests/test_session_listener.py ...                                       [ 93%]
tests/test_stale_cleanup.py .........                                    [ 95%]
tests/test_storage_adapter.py .............                              [ 96%]
tests/test_summarizer.py ..                                              [ 97%]
tests/test_tier1_dogfood.py ........                                     [ 98%]
tests/test_tool_init.py ...........
ERROR: Coverage failure: total of 51 is less than fail-under=70
                                                                         [100%]

================================ tests coverage ================================
_______________ coverage: platform linux, python 3.14.3-final-0 ________________

Name                                               Stmts   Miss  Cover
----------------------------------------------------------------------
_bm25/__init__.py                                      4      1    75%
_bm25/_fallback.py                                    53      0   100%
adapters/__init__.py                                   0      0   100%
adapters/openai_spec.py                               53     11    79%
cli/__init__.py                                        5      2    60%
cli/cli_config.py                                     69      4    94%
cli/daemon.py                                        250    199    20%
cli/docs_index.py                                    131     44    66%
cli/env_wizard.py                                    214     96    55%
cli/init_project.py                                  477    245    49%
cli/key_probes.py                                     68     12    82%
cli/main.py                                         1987   1551    22%
cli/metrics_server.py                                 41     10    76%
cli/migrate_config.py                                 56     11    80%
cli/seed.py                                          260    232    11%
cli/wizard.py                                        190    170    11%
config/__init__.py                                     0      0   100%
config/lock.py                                        10      2    80%
config/logging.py                                     68     18    74%
config/orgs.py                                       155     68    56%
config/paths.py                                       62     27    56%
cron/probes.py                                        90     25    72%
cron/prune_memory.py                                 186     98    47%
cron/scheduler.py                                    128     62    52%
graph/__init__.py                                      0      0   100%
graph/behaviour_tracker.py                           261    173    34%
graph/graph_utils.py                                  60      7    88%
graph/knowledge_graph.py                             151     21    86%
graph/org_graph.py                                   222    116    48%
indexer/__init__.py                                    0      0   100%
indexer/ast_indexer.py                               901    345    62%
indexer/doc_ingester.py                              122     52    57%
indexer/file_watcher.py                               82     24    71%
indexer/index_utils.py                                31     17    45%
indexer/inter_repo_indexer.py                        175     57    67%
indexer/language_registry.py                          61      4    93%
indexer/summarizer.py                                163      9    94%
memory/__init__.py                                     0      0   100%
memory/auto_store.py                                  82     48    41%
memory/circuit_breaker.py                            151     60    60%
memory/cleanup_queue.py                               64      7    89%
memory/embeddings.py                                  33      5    85%
memory/episodic_memory.py                            171     37    78%
memory/learning_store.py                             217     12    94%
memory/project_memory.py                              83     11    87%
memory/semantic_memory.py                             32      7    78%
memory/user_memory.py                                 40      5    88%
orchestrator/__init__.py                               0      0   100%
orchestrator/classifier.py                           144     16    89%
orchestrator/context_builder.py                      143     40    72%
orchestrator/model_adapters/__init__.py                0      0   100%
orchestrator/model_adapters/anthropic_adapter.py      83     23    72%
orchestrator/model_adapters/errors.py                 15      0   100%
orchestrator/model_adapters/gemini_adapter.py        154     95    38%
orchestrator/model_adapters/grok_adapter.py            8      0   100%
orchestrator/model_adapters/local_adapter.py          38      0   100%
orchestrator/model_adapters/openai_adapter.py         97     28    71%
orchestrator/model_adapters/retry.py                  25      2    92%
orchestrator/router.py                               362    222    39%
orchestrator/session.py                               99     15    85%
retrieval/__init__.py                                  0      0   100%
retrieval/cross_repo.py                              119     66    45%
retrieval/docs_search.py                              61     10    84%
retrieval/hybrid.py                                  301     54    82%
retrieval/query_enhancer.py                           80     27    66%
security/__init__.py                                  19      8    58%
security/encryption.py                                22      0   100%
server/__init__.py                                     0      0   100%
server/idle_manager.py                                83      4    95%
server/learning_middleware.py                         27      5    81%
server/mcp_server.py                                 748    545    27%
server/metrics.py                                     27      5    81%
server/session_listener.py                            95     18    81%
tools/__init__.py                                      0      0   100%
tools/behaviour_hook.py                               56     41    27%
tools/benchmark.py                                   287    247    14%
tools/context_pack.py                                199     63    68%
tools/dependency_graph.py                             81      7    91%
tools/explain_change.py                               23      0   100%
tools/git_utils.py                                    55      9    84%
tools/prime_session.py                                44     11    75%
tools/retrieve_memory.py                              69     43    38%
tools/search_docs.py                                  17      0   100%
tools/semantic_search_code.py                         42      1    98%
tools/store_memory.py                                 27      8    70%
tools/sync_claude_memory.py                          144    144     0%
vector_db/__init__.py                                 20     15    25%
vector_db/adapter.py                                  19      0   100%
vector_db/chroma_adapter.py                           76     40    47%
vector_db/factory.py                                  37      4    89%
vector_db/local_vector_db.py                         168     52    69%
----------------------------------------------------------------------
TOTAL                                              11773   5773    51%
FAIL Required test coverage of 70.0% not reached. Total coverage: 50.96%
================== 683 passed, 5 skipped in 136.59s (0:02:16) ==================
